<?xml version="1.0" encoding="UTF-8"?>
<testng-results ignored="0" total="10" passed="9" failed="1" skipped="0">
  <reporter-output>
  </reporter-output>
  <suite started-at="2025-09-08T10:25:55 IST" name="Default suite" finished-at="2025-09-08T10:27:54 IST" duration-ms="118196">
    <groups>
      <group name="cucumber">
        <method signature="AbstractTestNGCucumberTests.runScenario(io.cucumber.testng.PickleWrapper,io.cucumber.testng.FeatureWrapper)[pri:0, instance:runners.TestRunner@683dbc2c]" name="runScenario" class="io.cucumber.testng.AbstractTestNGCucumberTests"/>
      </group> <!-- cucumber -->
    </groups>
    <test started-at="2025-09-08T10:25:55 IST" name="Default test" finished-at="2025-09-08T10:27:54 IST" duration-ms="118196">
      <class name="runners.TestRunner">
        <test-method is-config="true" signature="setUpClass(org.testng.ITestContext)[pri:0, instance:runners.TestRunner@683dbc2c]" started-at="2025-09-08T10:25:55 IST" name="setUpClass" finished-at="2025-09-08T10:26:12 IST" duration-ms="16854" status="PASS">
          <params>
            <param index="0">
              <value>
                <![CDATA[org.testng.TestRunner@27438750]]>
              </value>
            </param>
          </params>
          <reporter-output>
          </reporter-output>
        </test-method> <!-- setUpClass -->
        <test-method signature="runScenario(io.cucumber.testng.PickleWrapper,io.cucumber.testng.FeatureWrapper)[pri:0, instance:runners.TestRunner@683dbc2c]" started-at="2025-09-08T10:26:12 IST" name="runScenario" description="Runs Cucumber Scenarios" data-provider="scenarios" finished-at="2025-09-08T10:26:26 IST" duration-ms="14058" status="PASS">
          <params>
            <param index="0">
              <value>
                <![CDATA["Positive Testcase"]]>
              </value>
            </param>
            <param index="1">
              <value>
                <![CDATA["Add the Employee"]]>
              </value>
            </param>
          </params>
          <reporter-output>
          </reporter-output>
        </test-method> <!-- runScenario -->
        <test-method signature="runScenario(io.cucumber.testng.PickleWrapper,io.cucumber.testng.FeatureWrapper)[pri:0, instance:runners.TestRunner@683dbc2c]" started-at="2025-09-08T10:26:26 IST" name="runScenario" description="Runs Cucumber Scenarios" data-provider="scenarios" finished-at="2025-09-08T10:26:43 IST" duration-ms="16609" status="FAIL">
          <params>
            <param index="0">
              <value>
                <![CDATA["Negative Testcase - Missing Required Fields"]]>
              </value>
            </param>
            <param index="1">
              <value>
                <![CDATA["Add the Employee"]]>
              </value>
            </param>
          </params>
          <exception class="org.openqa.selenium.TimeoutException">
            <message>
              <![CDATA[Expected condition failed: waiting for visibility of element located by By.xpath: //h6[text()='Dashboard'] (tried for 10 second(s) with 500 milliseconds interval)
Build info: version: '4.23.0', revision: '4df0a231af'
System info: os.name: 'Windows 10', os.arch: 'amd64', os.version: '10.0', java.version: '17.0.12'
Driver info: org.openqa.selenium.chrome.ChromeDriver
Capabilities {acceptInsecureCerts: false, browserName: chrome, browserVersion: 139.0.7258.157, chrome: {chromedriverVersion: 139.0.7258.154 (9e0d6b2b47f..., userDataDir: C:\Users\LENOVO~1\AppData\L...}, fedcm:accounts: true, goog:chromeOptions: {debuggerAddress: localhost:54630}, networkConnectionEnabled: false, pageLoadStrategy: normal, platformName: windows, proxy: Proxy(), se:cdp: ws://localhost:54630/devtoo..., se:cdpVersion: 139.0.7258.157, setWindowRect: true, strictFileInteractability: false, timeouts: {implicit: 0, pageLoad: 300000, script: 30000}, unhandledPromptBehavior: dismiss and notify, webauthn:extension:credBlob: true, webauthn:extension:largeBlob: true, webauthn:extension:minPinLength: true, webauthn:extension:prf: true, webauthn:virtualAuthenticators: true}
Session ID: 3a0c736ec7a7bc1d6245c7046f3508ac]]>
            </message>
            <full-stacktrace>
              <![CDATA[org.openqa.selenium.TimeoutException: Expected condition failed: waiting for visibility of element located by By.xpath: //h6[text()='Dashboard'] (tried for 10 second(s) with 500 milliseconds interval)
Build info: version: '4.23.0', revision: '4df0a231af'
System info: os.name: 'Windows 10', os.arch: 'amd64', os.version: '10.0', java.version: '17.0.12'
Driver info: org.openqa.selenium.chrome.ChromeDriver
Capabilities {acceptInsecureCerts: false, browserName: chrome, browserVersion: 139.0.7258.157, chrome: {chromedriverVersion: 139.0.7258.154 (9e0d6b2b47f..., userDataDir: C:\Users\LENOVO~1\AppData\L...}, fedcm:accounts: true, goog:chromeOptions: {debuggerAddress: localhost:54630}, networkConnectionEnabled: false, pageLoadStrategy: normal, platformName: windows, proxy: Proxy(), se:cdp: ws://localhost:54630/devtoo..., se:cdpVersion: 139.0.7258.157, setWindowRect: true, strictFileInteractability: false, timeouts: {implicit: 0, pageLoad: 300000, script: 30000}, unhandledPromptBehavior: dismiss and notify, webauthn:extension:credBlob: true, webauthn:extension:largeBlob: true, webauthn:extension:minPinLength: true, webauthn:extension:prf: true, webauthn:virtualAuthenticators: true}
Session ID: 3a0c736ec7a7bc1d6245c7046f3508ac
at org.openqa.selenium.support.ui.WebDriverWait.timeoutException(WebDriverWait.java:84)
at org.openqa.selenium.support.ui.FluentWait.until(FluentWait.java:228)
at utils.ElementUtils.getElement(ElementUtils.java:22)
at pages.LoginPage.getDashboardHeader(LoginPage.java:30)
at stepDefinitions.LoginSteps.i_should_be_redirected_to_the_dashboard(LoginSteps.java:71)
at ✽.I should be redirected to the dashboard(file:///C:/Users/LENOVO%202/Capston%20Project%20Tejas/capstoneProject/src/test/resources/features/AddEmployeePage.feature:16)
]]>
            </full-stacktrace>
          </exception> <!-- org.openqa.selenium.TimeoutException -->
          <reporter-output>
          </reporter-output>
        </test-method> <!-- runScenario -->
        <test-method signature="runScenario(io.cucumber.testng.PickleWrapper,io.cucumber.testng.FeatureWrapper)[pri:0, instance:runners.TestRunner@683dbc2c]" started-at="2025-09-08T10:26:43 IST" name="runScenario" description="Runs Cucumber Scenarios" data-provider="scenarios" finished-at="2025-09-08T10:27:00 IST" duration-ms="16651" status="PASS">
          <params>
            <param index="0">
              <value>
                <![CDATA["Positive - Add a new system user"]]>
              </value>
            </param>
            <param index="1">
              <value>
                <![CDATA["Add System User in OrangeHRM"]]>
              </value>
            </param>
          </params>
          <reporter-output>
          </reporter-output>
        </test-method> <!-- runScenario -->
        <test-method signature="runScenario(io.cucumber.testng.PickleWrapper,io.cucumber.testng.FeatureWrapper)[pri:0, instance:runners.TestRunner@683dbc2c]" started-at="2025-09-08T10:27:00 IST" name="runScenario" description="Runs Cucumber Scenarios" data-provider="scenarios" finished-at="2025-09-08T10:27:15 IST" duration-ms="15347" status="PASS">
          <params>
            <param index="0">
              <value>
                <![CDATA["Negative - Add user with missing required fields"]]>
              </value>
            </param>
            <param index="1">
              <value>
                <![CDATA["Add System User in OrangeHRM"]]>
              </value>
            </param>
          </params>
          <reporter-output>
          </reporter-output>
        </test-method> <!-- runScenario -->
        <test-method signature="runScenario(io.cucumber.testng.PickleWrapper,io.cucumber.testng.FeatureWrapper)[pri:0, instance:runners.TestRunner@683dbc2c]" started-at="2025-09-08T10:27:15 IST" name="runScenario" description="Runs Cucumber Scenarios" data-provider="scenarios" finished-at="2025-09-08T10:27:26 IST" duration-ms="10885" status="PASS">
          <params>
            <param index="0">
              <value>
                <![CDATA["Positive Case- Search employee by ID"]]>
              </value>
            </param>
            <param index="1">
              <value>
                <![CDATA["Search the Employee"]]>
              </value>
            </param>
          </params>
          <reporter-output>
          </reporter-output>
        </test-method> <!-- runScenario -->
        <test-method signature="runScenario(io.cucumber.testng.PickleWrapper,io.cucumber.testng.FeatureWrapper)[pri:0, instance:runners.TestRunner@683dbc2c]" started-at="2025-09-08T10:27:26 IST" name="runScenario" description="Runs Cucumber Scenarios" data-provider="scenarios" finished-at="2025-09-08T10:27:36 IST" duration-ms="9639" status="PASS">
          <params>
            <param index="0">
              <value>
                <![CDATA["Negative Case- Search employee by ID"]]>
              </value>
            </param>
            <param index="1">
              <value>
                <![CDATA["Search the Employee"]]>
              </value>
            </param>
          </params>
          <reporter-output>
          </reporter-output>
        </test-method> <!-- runScenario -->
        <test-method signature="runScenario(io.cucumber.testng.PickleWrapper,io.cucumber.testng.FeatureWrapper)[pri:0, instance:runners.TestRunner@683dbc2c]" started-at="2025-09-08T10:27:36 IST" name="runScenario" description="Runs Cucumber Scenarios" data-provider="scenarios" finished-at="2025-09-08T10:27:44 IST" duration-ms="8679" status="PASS">
          <params>
            <param index="0">
              <value>
                <![CDATA["Positive Login"]]>
              </value>
            </param>
            <param index="1">
              <value>
                <![CDATA["Login functionality for OrangeHRM"]]>
              </value>
            </param>
          </params>
          <reporter-output>
          </reporter-output>
        </test-method> <!-- runScenario -->
        <test-method signature="runScenario(io.cucumber.testng.PickleWrapper,io.cucumber.testng.FeatureWrapper)[pri:0, instance:runners.TestRunner@683dbc2c]" started-at="2025-09-08T10:27:44 IST" name="runScenario" description="Runs Cucumber Scenarios" data-provider="scenarios" finished-at="2025-09-08T10:27:51 IST" duration-ms="6373" status="PASS">
          <params>
            <param index="0">
              <value>
                <![CDATA["Negative Login - Invalid credentials"]]>
              </value>
            </param>
            <param index="1">
              <value>
                <![CDATA["Login functionality for OrangeHRM"]]>
              </value>
            </param>
          </params>
          <reporter-output>
          </reporter-output>
        </test-method> <!-- runScenario -->
        <test-method signature="runScenario(io.cucumber.testng.PickleWrapper,io.cucumber.testng.FeatureWrapper)[pri:0, instance:runners.TestRunner@683dbc2c]" started-at="2025-09-08T10:27:51 IST" name="runScenario" description="Runs Cucumber Scenarios" data-provider="scenarios" finished-at="2025-09-08T10:27:52 IST" duration-ms="1296" status="PASS">
          <params>
            <param index="0">
              <value>
                <![CDATA["Launch with correct URL"]]>
              </value>
            </param>
            <param index="1">
              <value>
                <![CDATA["URL Validation for OrangeHRM"]]>
              </value>
            </param>
          </params>
          <reporter-output>
          </reporter-output>
        </test-method> <!-- runScenario -->
        <test-method signature="runScenario(io.cucumber.testng.PickleWrapper,io.cucumber.testng.FeatureWrapper)[pri:0, instance:runners.TestRunner@683dbc2c]" started-at="2025-09-08T10:27:52 IST" name="runScenario" description="Runs Cucumber Scenarios" data-provider="scenarios" finished-at="2025-09-08T10:27:53 IST" duration-ms="781" status="PASS">
          <params>
            <param index="0">
              <value>
                <![CDATA["Launch with wrong URL"]]>
              </value>
            </param>
            <param index="1">
              <value>
                <![CDATA["URL Validation for OrangeHRM"]]>
              </value>
            </param>
          </params>
          <reporter-output>
          </reporter-output>
        </test-method> <!-- runScenario -->
        <test-method is-config="true" signature="tearDownClass()[pri:0, instance:runners.TestRunner@683dbc2c]" started-at="2025-09-08T10:27:53 IST" name="tearDownClass" finished-at="2025-09-08T10:27:54 IST" duration-ms="912" status="PASS">
          <reporter-output>
          </reporter-output>
        </test-method> <!-- tearDownClass -->
      </class> <!-- runners.TestRunner -->
    </test> <!-- Default test -->
  </suite> <!-- Default suite -->
</testng-results>
